<?xml version="1.0" encoding="UTF-8"?>
<!-- Generated by org.testng.reporters.JUnitXMLReporter -->
<testsuite ignored="11" hostname="SLIDEQA2" failures="7" tests="7" name="ResolutionTest" time="73.411" errors="0" timestamp="2022-03-23T13:27:46 IST">
  <testcase classname="testCases.WidgetsPages" name="checkResolutionForWidgets" time="9.552">
    <failure type="java.lang.AssertionError" message="image is not displayed properly expected [true] but found [false]">
      <![CDATA[java.lang.AssertionError: image is not displayed properly expected [true] but found [false]
at testCases.WidgetsPages.checkResolutionForWidgets(WidgetsPages.java:50)
at java.base/java.util.ArrayList.forEach(ArrayList.java:1511)
... Removed 33 stack frames]]>
    </failure>
  </testcase> <!-- checkResolutionForWidgets -->
  <testcase classname="testCases.WidgetsPages" name="checkResolutionForWidgets" time="8.28">
    <failure type="java.lang.AssertionError" message="image is not displayed properly expected [true] but found [false]">
      <![CDATA[java.lang.AssertionError: image is not displayed properly expected [true] but found [false]
at testCases.WidgetsPages.checkResolutionForWidgets(WidgetsPages.java:50)
at java.base/java.util.ArrayList.forEach(ArrayList.java:1511)
... Removed 33 stack frames]]>
    </failure>
  </testcase> <!-- checkResolutionForWidgets -->
  <testcase classname="testCases.WidgetsPages" name="checkResolutionForWidgets" time="7.568">
    <failure type="java.lang.AssertionError" message="image is not displayed properly expected [true] but found [false]">
      <![CDATA[java.lang.AssertionError: image is not displayed properly expected [true] but found [false]
at testCases.WidgetsPages.checkResolutionForWidgets(WidgetsPages.java:50)
at java.base/java.util.ArrayList.forEach(ArrayList.java:1511)
... Removed 33 stack frames]]>
    </failure>
  </testcase> <!-- checkResolutionForWidgets -->
  <testcase classname="testCases.WidgetsPages" name="checkResolutionForWidgets" time="7.323">
    <failure type="java.lang.AssertionError" message="image is not displayed properly expected [true] but found [false]">
      <![CDATA[java.lang.AssertionError: image is not displayed properly expected [true] but found [false]
at testCases.WidgetsPages.checkResolutionForWidgets(WidgetsPages.java:50)
at java.base/java.util.ArrayList.forEach(ArrayList.java:1511)
... Removed 33 stack frames]]>
    </failure>
  </testcase> <!-- checkResolutionForWidgets -->
  <testcase classname="testCases.WidgetsPages" name="checkResolutionForWidgets" time="6.767">
    <failure type="java.lang.AssertionError" message="image is not displayed properly expected [true] but found [false]">
      <![CDATA[java.lang.AssertionError: image is not displayed properly expected [true] but found [false]
at testCases.WidgetsPages.checkResolutionForWidgets(WidgetsPages.java:50)
at java.base/java.util.ArrayList.forEach(ArrayList.java:1511)
... Removed 33 stack frames]]>
    </failure>
  </testcase> <!-- checkResolutionForWidgets -->
  <testcase classname="testCases.WidgetsPages" name="checkResolutionForWidgets" time="7.151">
    <failure type="java.lang.AssertionError" message="image is not displayed properly expected [true] but found [false]">
      <![CDATA[java.lang.AssertionError: image is not displayed properly expected [true] but found [false]
at testCases.WidgetsPages.checkResolutionForWidgets(WidgetsPages.java:50)
at java.base/java.util.ArrayList.forEach(ArrayList.java:1511)
... Removed 33 stack frames]]>
    </failure>
  </testcase> <!-- checkResolutionForWidgets -->
  <testcase classname="testCases.WidgetsPages" name="checkResolutionForWidgets" time="6.92">
    <failure type="java.lang.AssertionError" message="image is not displayed properly expected [true] but found [false]">
      <![CDATA[java.lang.AssertionError: image is not displayed properly expected [true] but found [false]
at testCases.WidgetsPages.checkResolutionForWidgets(WidgetsPages.java:50)
at java.base/java.util.ArrayList.forEach(ArrayList.java:1511)
... Removed 33 stack frames]]>
    </failure>
  </testcase> <!-- checkResolutionForWidgets -->
  <testcase classname="testCases.BaseClass" name="@BeforeSuite setUp" time="0.0">
    <ignored/>
  </testcase> <!-- @BeforeSuite setUp -->
  <testcase classname="testCases.BaseClass" name="@BeforeSuite setUp" time="0.0">
    <ignored/>
  </testcase> <!-- @BeforeSuite setUp -->
  <testcase classname="testCases.BaseClass" name="@BeforeSuite setUp" time="0.0">
    <ignored/>
  </testcase> <!-- @BeforeSuite setUp -->
  <testcase classname="testCases.SliPages" name="checkResolutionForSliPages" time="0.0">
    <ignored/>
  </testcase> <!-- checkResolutionForSliPages -->
  <testcase classname="testCases.BaseClass" name="@BeforeSuite setUp" time="0.0">
    <ignored/>
  </testcase> <!-- @BeforeSuite setUp -->
  <testcase classname="testCases.BaseClass" name="@BeforeSuite setUp" time="0.0">
    <ignored/>
  </testcase> <!-- @BeforeSuite setUp -->
  <testcase classname="testCases.BaseClass" name="@BeforeSuite setUp" time="0.0">
    <ignored/>
  </testcase> <!-- @BeforeSuite setUp -->
  <testcase classname="testCases.WindowResolutions" name="checkResolution" time="0.0">
    <ignored/>
  </testcase> <!-- checkResolution -->
  <testcase classname="testCases.PopularPPts" name="checkResolutionForNewlyProducts" time="0.0">
    <ignored/>
  </testcase> <!-- checkResolutionForNewlyProducts -->
  <testcase classname="testCases.A4Pages" name="checkResolutionForA4Pages" time="0.0">
    <ignored/>
  </testcase> <!-- checkResolutionForA4Pages -->
  <testcase classname="testCases.NewlyProducts" name="checkResolutionForNewlyProducts" time="0.0">
    <ignored/>
  </testcase> <!-- checkResolutionForNewlyProducts -->
</testsuite> <!-- ResolutionTest -->
