<?xml version="1.0" encoding="UTF-8"?>
<testsuite name="TestSuite" time="10.413" tests="7" errors="0" skipped="0" failures="7">
  <properties>
[...]
</properties>
  <testcase name="checkResolutionForWidgets" classname="testCases.WidgetsPages" time="10.413">
    <failure message="image is not displayed properly expected [true] but found [false]" type="java.lang.AssertionError">java.lang.AssertionError: image is not displayed properly expected [true] but found [false]
	at org.testng.Assert.fail(Assert.java:110)
	at org.testng.Assert.failNotEquals(Assert.java:1413)
	at org.testng.Assert.assertTrue(Assert.java:56)
	at testCases.WidgetsPages.checkResolutionForWidgets(WidgetsPages.java:50)
</failure>
    <system-out><![CDATA[Resolution = 2560*1440
Number of elements:15
Change Management Powerpoint Presentation Slides -181.0-136.0
1.3308823roundedValue
1.33
]]></system-out>
    <system-err><![CDATA[SLF4J: Failed to load class "org.slf4j.impl.StaticLoggerBinder".
SLF4J: Defaulting to no-operation (NOP) logger implementation
SLF4J: See http://www.slf4j.org/codes.html#StaticLoggerBinder for further details.
Starting ChromeDriver 99.0.4844.51 (d537ec02474b5afe23684e7963d538896c63ac77-refs/branch-heads/4844@{#875}) on port 47357
Only local connections are allowed.
Please see https://chromedriver.chromium.org/security-considerations for suggestions on keeping ChromeDriver safe.
ChromeDriver was started successfully.
Mar 23, 2022 1:26:34 PM org.openqa.selenium.remote.ProtocolHandshake createSession
INFO: Detected dialect: W3C
]]></system-err>
  </testcase>
  <testcase name="checkResolutionForWidgets" classname="testCases.WidgetsPages" time="8.931">
    <failure message="image is not displayed properly expected [true] but found [false]" type="java.lang.AssertionError">java.lang.AssertionError: image is not displayed properly expected [true] but found [false]
	at org.testng.Assert.fail(Assert.java:110)
	at org.testng.Assert.failNotEquals(Assert.java:1413)
	at org.testng.Assert.assertTrue(Assert.java:56)
	at testCases.WidgetsPages.checkResolutionForWidgets(WidgetsPages.java:50)
</failure>
    <system-out><![CDATA[Resolution = 1920*1080
Number of elements:15
Change Management Powerpoint Presentation Slides -181.0-136.0
1.3308823roundedValue
1.33
]]></system-out>
    <system-err><![CDATA[Starting ChromeDriver 99.0.4844.51 (d537ec02474b5afe23684e7963d538896c63ac77-refs/branch-heads/4844@{#875}) on port 26207
Only local connections are allowed.
Please see https://chromedriver.chromium.org/security-considerations for suggestions on keeping ChromeDriver safe.
ChromeDriver was started successfully.
Mar 23, 2022 1:26:44 PM org.openqa.selenium.remote.ProtocolHandshake createSession
INFO: Detected dialect: W3C
]]></system-err>
  </testcase>
  <testcase name="checkResolutionForWidgets" classname="testCases.WidgetsPages" time="8.071">
    <failure message="image is not displayed properly expected [true] but found [false]" type="java.lang.AssertionError">java.lang.AssertionError: image is not displayed properly expected [true] but found [false]
	at org.testng.Assert.fail(Assert.java:110)
	at org.testng.Assert.failNotEquals(Assert.java:1413)
	at org.testng.Assert.assertTrue(Assert.java:56)
	at testCases.WidgetsPages.checkResolutionForWidgets(WidgetsPages.java:50)
</failure>
    <system-out><![CDATA[Resolution = 1280*720
Number of elements:15
Change Management Powerpoint Presentation Slides -166.0-124.0
1.3387097roundedValue
1.33
]]></system-out>
    <system-err><![CDATA[Starting ChromeDriver 99.0.4844.51 (d537ec02474b5afe23684e7963d538896c63ac77-refs/branch-heads/4844@{#875}) on port 33813
Only local connections are allowed.
Please see https://chromedriver.chromium.org/security-considerations for suggestions on keeping ChromeDriver safe.
ChromeDriver was started successfully.
Mar 23, 2022 1:26:53 PM org.openqa.selenium.remote.ProtocolHandshake createSession
INFO: Detected dialect: W3C
]]></system-err>
  </testcase>
  <testcase name="checkResolutionForWidgets" classname="testCases.WidgetsPages" time="11.827">
    <failure message="image is not displayed properly expected [true] but found [false]" type="java.lang.AssertionError">java.lang.AssertionError: image is not displayed properly expected [true] but found [false]
	at org.testng.Assert.fail(Assert.java:110)
	at org.testng.Assert.failNotEquals(Assert.java:1413)
	at org.testng.Assert.assertTrue(Assert.java:56)
	at testCases.WidgetsPages.checkResolutionForWidgets(WidgetsPages.java:50)
</failure>
    <system-out><![CDATA[Resolution = 1536*864
Number of elements:15
Change Management Powerpoint Presentation Slides -166.0-124.0
1.3387097roundedValue
1.33
]]></system-out>
    <system-err><![CDATA[Starting ChromeDriver 99.0.4844.51 (d537ec02474b5afe23684e7963d538896c63ac77-refs/branch-heads/4844@{#875}) on port 40286
Only local connections are allowed.
Please see https://chromedriver.chromium.org/security-considerations for suggestions on keeping ChromeDriver safe.
ChromeDriver was started successfully.
Mar 23, 2022 1:27:01 PM org.openqa.selenium.remote.ProtocolHandshake createSession
INFO: Detected dialect: W3C
]]></system-err>
  </testcase>
  <testcase name="checkResolutionForWidgets" classname="testCases.WidgetsPages" time="11.248">
    <failure message="image is not displayed properly expected [true] but found [false]" type="java.lang.AssertionError">java.lang.AssertionError: image is not displayed properly expected [true] but found [false]
	at org.testng.Assert.fail(Assert.java:110)
	at org.testng.Assert.failNotEquals(Assert.java:1413)
	at org.testng.Assert.assertTrue(Assert.java:56)
	at testCases.WidgetsPages.checkResolutionForWidgets(WidgetsPages.java:50)
</failure>
    <system-out><![CDATA[Resolution = 1366*768
Number of elements:15
Change Management Powerpoint Presentation Slides -166.0-124.0
1.3387097roundedValue
1.33
]]></system-out>
    <system-err><![CDATA[Starting ChromeDriver 99.0.4844.51 (d537ec02474b5afe23684e7963d538896c63ac77-refs/branch-heads/4844@{#875}) on port 28868
Only local connections are allowed.
Please see https://chromedriver.chromium.org/security-considerations for suggestions on keeping ChromeDriver safe.
ChromeDriver was started successfully.
Mar 23, 2022 1:27:12 PM org.openqa.selenium.remote.ProtocolHandshake createSession
INFO: Detected dialect: W3C
]]></system-err>
  </testcase>
  <testcase name="checkResolutionForWidgets" classname="testCases.WidgetsPages" time="11.582">
    <failure message="image is not displayed properly expected [true] but found [false]" type="java.lang.AssertionError">java.lang.AssertionError: image is not displayed properly expected [true] but found [false]
	at org.testng.Assert.fail(Assert.java:110)
	at org.testng.Assert.failNotEquals(Assert.java:1413)
	at org.testng.Assert.assertTrue(Assert.java:56)
	at testCases.WidgetsPages.checkResolutionForWidgets(WidgetsPages.java:50)
</failure>
    <system-out><![CDATA[Resolution = 1920*1200
Number of elements:15
Change Management Powerpoint Presentation Slides -181.0-136.0
1.3308823roundedValue
1.33
]]></system-out>
    <system-err><![CDATA[Starting ChromeDriver 99.0.4844.51 (d537ec02474b5afe23684e7963d538896c63ac77-refs/branch-heads/4844@{#875}) on port 9104
Only local connections are allowed.
Please see https://chromedriver.chromium.org/security-considerations for suggestions on keeping ChromeDriver safe.
ChromeDriver was started successfully.
Mar 23, 2022 1:27:23 PM org.openqa.selenium.remote.ProtocolHandshake createSession
INFO: Detected dialect: W3C
]]></system-err>
  </testcase>
  <testcase name="checkResolutionForWidgets" classname="testCases.WidgetsPages" time="11.296">
    <failure message="image is not displayed properly expected [true] but found [false]" type="java.lang.AssertionError">java.lang.AssertionError: image is not displayed properly expected [true] but found [false]
	at org.testng.Assert.fail(Assert.java:110)
	at org.testng.Assert.failNotEquals(Assert.java:1413)
	at org.testng.Assert.assertTrue(Assert.java:56)
	at testCases.WidgetsPages.checkResolutionForWidgets(WidgetsPages.java:50)
</failure>
    <system-out><![CDATA[Resolution = 1440*900
Number of elements:15
Change Management Powerpoint Presentation Slides -166.0-124.0
1.3387097roundedValue
1.33
]]></system-out>
    <system-err><![CDATA[Starting ChromeDriver 99.0.4844.51 (d537ec02474b5afe23684e7963d538896c63ac77-refs/branch-heads/4844@{#875}) on port 40644
Only local connections are allowed.
Please see https://chromedriver.chromium.org/security-considerations for suggestions on keeping ChromeDriver safe.
ChromeDriver was started successfully.
Mar 23, 2022 1:27:35 PM org.openqa.selenium.remote.ProtocolHandshake createSession
INFO: Detected dialect: W3C
]]></system-err>
  </testcase>
</testsuite>