-------------------------------------------------------------------------------
Test set: TestSuite
-------------------------------------------------------------------------------
Tests run: 7, Failures: 7, Errors: 0, Skipped: 0, Time elapsed: 75.178 sec <<< FAILURE! - in TestSuite
checkResolutionForWidgets(testCases.WidgetsPages)  Time elapsed: 10.413 sec  <<< FAILURE!
java.lang.AssertionError: image is not displayed properly expected [true] but found [false]
	at org.testng.Assert.fail(Assert.java:110)
	at org.testng.Assert.failNotEquals(Assert.java:1413)
	at org.testng.Assert.assertTrue(Assert.java:56)
	at testCases.WidgetsPages.checkResolutionForWidgets(WidgetsPages.java:50)

checkResolutionForWidgets(testCases.WidgetsPages)  Time elapsed: 8.931 sec  <<< FAILURE!
java.lang.AssertionError: image is not displayed properly expected [true] but found [false]
	at org.testng.Assert.fail(Assert.java:110)
	at org.testng.Assert.failNotEquals(Assert.java:1413)
	at org.testng.Assert.assertTrue(Assert.java:56)
	at testCases.WidgetsPages.checkResolutionForWidgets(WidgetsPages.java:50)

checkResolutionForWidgets(testCases.WidgetsPages)  Time elapsed: 8.071 sec  <<< FAILURE!
java.lang.AssertionError: image is not displayed properly expected [true] but found [false]
	at org.testng.Assert.fail(Assert.java:110)
	at org.testng.Assert.failNotEquals(Assert.java:1413)
	at org.testng.Assert.assertTrue(Assert.java:56)
	at testCases.WidgetsPages.checkResolutionForWidgets(WidgetsPages.java:50)

checkResolutionForWidgets(testCases.WidgetsPages)  Time elapsed: 11.827 sec  <<< FAILURE!
java.lang.AssertionError: image is not displayed properly expected [true] but found [false]
	at org.testng.Assert.fail(Assert.java:110)
	at org.testng.Assert.failNotEquals(Assert.java:1413)
	at org.testng.Assert.assertTrue(Assert.java:56)
	at testCases.WidgetsPages.checkResolutionForWidgets(WidgetsPages.java:50)

checkResolutionForWidgets(testCases.WidgetsPages)  Time elapsed: 11.248 sec  <<< FAILURE!
java.lang.AssertionError: image is not displayed properly expected [true] but found [false]
	at org.testng.Assert.fail(Assert.java:110)
	at org.testng.Assert.failNotEquals(Assert.java:1413)
	at org.testng.Assert.assertTrue(Assert.java:56)
	at testCases.WidgetsPages.checkResolutionForWidgets(WidgetsPages.java:50)

checkResolutionForWidgets(testCases.WidgetsPages)  Time elapsed: 11.582 sec  <<< FAILURE!
java.lang.AssertionError: image is not displayed properly expected [true] but found [false]
	at org.testng.Assert.fail(Assert.java:110)
	at org.testng.Assert.failNotEquals(Assert.java:1413)
	at org.testng.Assert.assertTrue(Assert.java:56)
	at testCases.WidgetsPages.checkResolutionForWidgets(WidgetsPages.java:50)

checkResolutionForWidgets(testCases.WidgetsPages)  Time elapsed: 11.296 sec  <<< FAILURE!
java.lang.AssertionError: image is not displayed properly expected [true] but found [false]
	at org.testng.Assert.fail(Assert.java:110)
	at org.testng.Assert.failNotEquals(Assert.java:1413)
	at org.testng.Assert.assertTrue(Assert.java:56)
	at testCases.WidgetsPages.checkResolutionForWidgets(WidgetsPages.java:50)

